<?xml version="1.0" encoding="UTF-8"?>
<!-- Generated by org.testng.reporters.JUnitReportReporter -->
<testsuite hostname="DESKTOP-C50PI6G" failures="0" tests="1" name="testcases.Test110" time="10.872" errors="0" timestamp="2024-07-18T13:45:21 IST" skipped="0">
  <testcase classname="testcases.Test110" name="formsignup" time="10.872"/>
</testsuite> <!-- testcases.Test110 -->
