<?xml version="1.0" encoding="UTF-8"?>
<!-- Generated by org.testng.reporters.JUnitReportReporter -->
<testsuite hostname="DESKTOP-C50PI6G" failures="0" tests="3" name="testcases.signpage" time="27.460" errors="0" timestamp="2024-07-18T15:30:05 IST" skipped="0">
  <testcase classname="testcases.signpage" name="Signin" time="5.345"/>
  <testcase classname="testcases.signpage" name="incompleteSignin" time="9.947"/>
  <testcase classname="testcases.signpage" name="failSignin" time="12.168"/>
</testsuite> <!-- testcases.signpage -->
