<?xml version="1.0" encoding="UTF-8"?>
<!-- Generated by org.testng.reporters.JUnitReportReporter -->
<testsuite hostname="DESKTOP-C50PI6G" failures="0" tests="2" name="testcases.Tst256" time="2.299" errors="0" timestamp="2024-07-18T12:06:40 IST" skipped="0">
  <testcase classname="testcases.Tst256" name="navigate2" time="1.711"/>
  <testcase classname="testcases.Tst256" name="test23" time="0.588"/>
</testsuite> <!-- testcases.Tst256 -->
